État 0 conflits: 1 réduction/réduction
État 45 conflits: 4 décalage/réduction
État 68 conflits: 4 décalage/réduction
État 69 conflits: 4 décalage/réduction
État 70 conflits: 4 décalage/réduction
État 71 conflits: 4 décalage/réduction
État 73 conflits: 9 décalage/réduction
État 74 conflits: 9 décalage/réduction
État 75 conflits: 9 décalage/réduction
État 76 conflits: 9 décalage/réduction


Grammaire

    0 $accept: axiome $end

    1 axiome: bloc
    2       | %empty

    3 bloc: instruction T_SEMICOLON bloc
    4     | %empty

    5 instruction: call T_ASSIGNMENT expression
    6            | T_PLEFT assignment T_PRIGHT
    7            | T_NAME T_IS type
    8            | call
    9            | classe

   10 call: T_NAME T_PLEFT paramUtil T_PRIGHT
   11     | T_NAME T_PLEFT T_PRIGHT
   12     | T_NAME T_POINT call
   13     | T_NAME

   14 paramUtil: expression T_COMMA paramUtil
   15          | expression

   16 classe: T_CLASS T_NAME T_IS data method T_END T_NAME
   17       | T_CLASS T_NAME T_EXTENDS T_NAME T_IS data method T_END T_NAME

   18 data: T_DATA declaration
   19     | %empty

   20 declaration: T_NAME T_IS type T_SEMICOLON declaration
   21            | %empty

   22 method: T_METHOD fonction
   23       | %empty

   24 fonction: T_NAME T_PLEFT parametre T_PRIGHT T_IS instruction T_SEMICOLON fonction
   25         | T_NAME T_PLEFT parametre T_PRIGHT T_IS T_RETURN expression T_SEMICOLON fonction
   26         | %empty

   27 parametre: T_NAME T_COLON type T_COMMA parametre
   28          | T_NAME T_COLON type
   29          | %empty

   30 type: T_TYPEBOOLEAN
   31     | T_TYPEFLOAT
   32     | T_TYPEINTEGER
   33     | T_NAME

   34 assignment: T_NAME T_COMMA assignment T_COMMA expression
   35           | T_NAME T_PRIGHT T_ASSIGNMENT T_PLEFT expression

   36 expression: expression T_PLUS expression
   37           | expression T_MINUS expression
   38           | expression T_TIMES expression
   39           | expression T_DIVIDE expression
   40           | expression T_SUP expression
   41           | expression T_SUPEG expression
   42           | expression T_INF expression
   43           | expression T_INFEG expression
   44           | T_SQRT T_PLEFT expression T_PRIGHT
   45           | expression T_POWER T_INTEGER
   46           | T_PLEFT expression T_PRIGHT
   47           | T_MINUS expression
   48           | T_INTEGER
   49           | T_FLOAT
   50           | T_BOOLEAN
   51           | callExp

   52 callExp: T_NAME T_PLEFT paramUtil T_PRIGHT
   53        | T_NAME
   54        | T_NAME T_POINT callExp


Terminaux, suivis des règles où ils apparaissent

$end (0) 0
error (256)
T_NAME (258) 7 10 11 12 13 16 17 20 24 25 27 28 33 34 35 52 53 54
T_INTEGER (259) 45 48
T_FLOAT (260) 49
T_BOOLEAN (261) 50
T_TYPEFLOAT (262) 31
T_TYPEBOOLEAN (263) 30
T_TYPEINTEGER (264) 32
T_PLUS (265) 36
T_MINUS (266) 37 47
T_TIMES (267) 38
T_DIVIDE (268) 39
T_POWER (269) 45
T_SQRT (270) 44
T_INF (271) 42
T_SUP (272) 40
T_INFEG (273) 43
T_SUPEG (274) 41
T_PLEFT (275) 6 10 11 24 25 35 44 46 52
T_PRIGHT (276) 6 10 11 24 25 35 44 46 52
T_COMMA (277) 14 27 34
T_POINT (278) 12 54
T_COLON (279) 27 28
T_SEMICOLON (280) 3 20 24 25
T_ASSIGNMENT (281) 5 35
T_CLASS (282) 16 17
T_EXTENDS (283) 17
T_DATA (284) 18
T_IS (285) 7 16 17 20 24 25
T_METHOD (286) 22
T_RETURN (287) 25
T_END (288) 16 17
NEG (289)


Non-terminaux, suivis des règles où ils apparaissent

$accept (35)
    à gauche: 0
axiome (36)
    à gauche: 1 2, à droite: 0
bloc (37)
    à gauche: 3 4, à droite: 1 3
instruction (38)
    à gauche: 5 6 7 8 9, à droite: 3 24
call (39)
    à gauche: 10 11 12 13, à droite: 5 8 12
paramUtil (40)
    à gauche: 14 15, à droite: 10 14 52
classe (41)
    à gauche: 16 17, à droite: 9
data (42)
    à gauche: 18 19, à droite: 16 17
declaration (43)
    à gauche: 20 21, à droite: 18 20
method (44)
    à gauche: 22 23, à droite: 16 17
fonction (45)
    à gauche: 24 25 26, à droite: 22 24 25
parametre (46)
    à gauche: 27 28 29, à droite: 24 25 27
type (47)
    à gauche: 30 31 32 33, à droite: 7 20 27 28
assignment (48)
    à gauche: 34 35, à droite: 6 34
expression (49)
    à gauche: 36 37 38 39 40 41 42 43 44 45 46 47 48 49 50 51, à droite:
    5 14 15 25 34 35 36 37 38 39 40 41 42 43 44 45 46 47
callExp (50)
    à gauche: 52 53 54, à droite: 51 54


État 0

    0 $accept: . axiome $end

    T_NAME   décalage et aller à l'état 1
    T_PLEFT  décalage et aller à l'état 2
    T_CLASS  décalage et aller à l'état 3

    $end      réduction par utilisation de la règle 2 (axiome)
    $end      [réduction par utilisation de la règle 4 (bloc)]
    $défaut  réduction par utilisation de la règle 2 (axiome)

    axiome       aller à l'état 4
    bloc         aller à l'état 5
    instruction  aller à l'état 6
    call         aller à l'état 7
    classe       aller à l'état 8


État 1

    7 instruction: T_NAME . T_IS type
   10 call: T_NAME . T_PLEFT paramUtil T_PRIGHT
   11     | T_NAME . T_PLEFT T_PRIGHT
   12     | T_NAME . T_POINT call
   13     | T_NAME .

    T_PLEFT  décalage et aller à l'état 9
    T_POINT  décalage et aller à l'état 10
    T_IS     décalage et aller à l'état 11

    $défaut  réduction par utilisation de la règle 13 (call)


État 2

    6 instruction: T_PLEFT . assignment T_PRIGHT

    T_NAME  décalage et aller à l'état 12

    assignment  aller à l'état 13


État 3

   16 classe: T_CLASS . T_NAME T_IS data method T_END T_NAME
   17       | T_CLASS . T_NAME T_EXTENDS T_NAME T_IS data method T_END T_NAME

    T_NAME  décalage et aller à l'état 14


État 4

    0 $accept: axiome . $end

    $end  décalage et aller à l'état 15


État 5

    1 axiome: bloc .

    $défaut  réduction par utilisation de la règle 1 (axiome)


État 6

    3 bloc: instruction . T_SEMICOLON bloc

    T_SEMICOLON  décalage et aller à l'état 16


État 7

    5 instruction: call . T_ASSIGNMENT expression
    8            | call .

    T_ASSIGNMENT  décalage et aller à l'état 17

    $défaut  réduction par utilisation de la règle 8 (instruction)


État 8

    9 instruction: classe .

    $défaut  réduction par utilisation de la règle 9 (instruction)


État 9

   10 call: T_NAME T_PLEFT . paramUtil T_PRIGHT
   11     | T_NAME T_PLEFT . T_PRIGHT

    T_NAME     décalage et aller à l'état 18
    T_INTEGER  décalage et aller à l'état 19
    T_FLOAT    décalage et aller à l'état 20
    T_BOOLEAN  décalage et aller à l'état 21
    T_MINUS    décalage et aller à l'état 22
    T_SQRT     décalage et aller à l'état 23
    T_PLEFT    décalage et aller à l'état 24
    T_PRIGHT   décalage et aller à l'état 25

    paramUtil   aller à l'état 26
    expression  aller à l'état 27
    callExp     aller à l'état 28


État 10

   12 call: T_NAME T_POINT . call

    T_NAME  décalage et aller à l'état 29

    call  aller à l'état 30


État 11

    7 instruction: T_NAME T_IS . type

    T_NAME         décalage et aller à l'état 31
    T_TYPEFLOAT    décalage et aller à l'état 32
    T_TYPEBOOLEAN  décalage et aller à l'état 33
    T_TYPEINTEGER  décalage et aller à l'état 34

    type  aller à l'état 35


État 12

   34 assignment: T_NAME . T_COMMA assignment T_COMMA expression
   35           | T_NAME . T_PRIGHT T_ASSIGNMENT T_PLEFT expression

    T_PRIGHT  décalage et aller à l'état 36
    T_COMMA   décalage et aller à l'état 37


État 13

    6 instruction: T_PLEFT assignment . T_PRIGHT

    T_PRIGHT  décalage et aller à l'état 38


État 14

   16 classe: T_CLASS T_NAME . T_IS data method T_END T_NAME
   17       | T_CLASS T_NAME . T_EXTENDS T_NAME T_IS data method T_END T_NAME

    T_EXTENDS  décalage et aller à l'état 39
    T_IS       décalage et aller à l'état 40


État 15

    0 $accept: axiome $end .

    $défaut  accepter


État 16

    3 bloc: instruction T_SEMICOLON . bloc

    T_NAME   décalage et aller à l'état 1
    T_PLEFT  décalage et aller à l'état 2
    T_CLASS  décalage et aller à l'état 3

    $défaut  réduction par utilisation de la règle 4 (bloc)

    bloc         aller à l'état 41
    instruction  aller à l'état 6
    call         aller à l'état 7
    classe       aller à l'état 8


État 17

    5 instruction: call T_ASSIGNMENT . expression

    T_NAME     décalage et aller à l'état 18
    T_INTEGER  décalage et aller à l'état 19
    T_FLOAT    décalage et aller à l'état 20
    T_BOOLEAN  décalage et aller à l'état 21
    T_MINUS    décalage et aller à l'état 22
    T_SQRT     décalage et aller à l'état 23
    T_PLEFT    décalage et aller à l'état 24

    expression  aller à l'état 42
    callExp     aller à l'état 28


État 18

   52 callExp: T_NAME . T_PLEFT paramUtil T_PRIGHT
   53        | T_NAME .
   54        | T_NAME . T_POINT callExp

    T_PLEFT  décalage et aller à l'état 43
    T_POINT  décalage et aller à l'état 44

    $défaut  réduction par utilisation de la règle 53 (callExp)


État 19

   48 expression: T_INTEGER .

    $défaut  réduction par utilisation de la règle 48 (expression)


État 20

   49 expression: T_FLOAT .

    $défaut  réduction par utilisation de la règle 49 (expression)


État 21

   50 expression: T_BOOLEAN .

    $défaut  réduction par utilisation de la règle 50 (expression)


État 22

   47 expression: T_MINUS . expression

    T_NAME     décalage et aller à l'état 18
    T_INTEGER  décalage et aller à l'état 19
    T_FLOAT    décalage et aller à l'état 20
    T_BOOLEAN  décalage et aller à l'état 21
    T_MINUS    décalage et aller à l'état 22
    T_SQRT     décalage et aller à l'état 23
    T_PLEFT    décalage et aller à l'état 24

    expression  aller à l'état 45
    callExp     aller à l'état 28


État 23

   44 expression: T_SQRT . T_PLEFT expression T_PRIGHT

    T_PLEFT  décalage et aller à l'état 46


État 24

   46 expression: T_PLEFT . expression T_PRIGHT

    T_NAME     décalage et aller à l'état 18
    T_INTEGER  décalage et aller à l'état 19
    T_FLOAT    décalage et aller à l'état 20
    T_BOOLEAN  décalage et aller à l'état 21
    T_MINUS    décalage et aller à l'état 22
    T_SQRT     décalage et aller à l'état 23
    T_PLEFT    décalage et aller à l'état 24

    expression  aller à l'état 47
    callExp     aller à l'état 28


État 25

   11 call: T_NAME T_PLEFT T_PRIGHT .

    $défaut  réduction par utilisation de la règle 11 (call)


État 26

   10 call: T_NAME T_PLEFT paramUtil . T_PRIGHT

    T_PRIGHT  décalage et aller à l'état 48


État 27

   14 paramUtil: expression . T_COMMA paramUtil
   15          | expression .
   36 expression: expression . T_PLUS expression
   37           | expression . T_MINUS expression
   38           | expression . T_TIMES expression
   39           | expression . T_DIVIDE expression
   40           | expression . T_SUP expression
   41           | expression . T_SUPEG expression
   42           | expression . T_INF expression
   43           | expression . T_INFEG expression
   45           | expression . T_POWER T_INTEGER

    T_PLUS    décalage et aller à l'état 49
    T_MINUS   décalage et aller à l'état 50
    T_TIMES   décalage et aller à l'état 51
    T_DIVIDE  décalage et aller à l'état 52
    T_POWER   décalage et aller à l'état 53
    T_INF     décalage et aller à l'état 54
    T_SUP     décalage et aller à l'état 55
    T_INFEG   décalage et aller à l'état 56
    T_SUPEG   décalage et aller à l'état 57
    T_COMMA   décalage et aller à l'état 58

    $défaut  réduction par utilisation de la règle 15 (paramUtil)


État 28

   51 expression: callExp .

    $défaut  réduction par utilisation de la règle 51 (expression)


État 29

   10 call: T_NAME . T_PLEFT paramUtil T_PRIGHT
   11     | T_NAME . T_PLEFT T_PRIGHT
   12     | T_NAME . T_POINT call
   13     | T_NAME .

    T_PLEFT  décalage et aller à l'état 9
    T_POINT  décalage et aller à l'état 10

    $défaut  réduction par utilisation de la règle 13 (call)


État 30

   12 call: T_NAME T_POINT call .

    $défaut  réduction par utilisation de la règle 12 (call)


État 31

   33 type: T_NAME .

    $défaut  réduction par utilisation de la règle 33 (type)


État 32

   31 type: T_TYPEFLOAT .

    $défaut  réduction par utilisation de la règle 31 (type)


État 33

   30 type: T_TYPEBOOLEAN .

    $défaut  réduction par utilisation de la règle 30 (type)


État 34

   32 type: T_TYPEINTEGER .

    $défaut  réduction par utilisation de la règle 32 (type)


État 35

    7 instruction: T_NAME T_IS type .

    $défaut  réduction par utilisation de la règle 7 (instruction)


État 36

   35 assignment: T_NAME T_PRIGHT . T_ASSIGNMENT T_PLEFT expression

    T_ASSIGNMENT  décalage et aller à l'état 59


État 37

   34 assignment: T_NAME T_COMMA . assignment T_COMMA expression

    T_NAME  décalage et aller à l'état 12

    assignment  aller à l'état 60


État 38

    6 instruction: T_PLEFT assignment T_PRIGHT .

    $défaut  réduction par utilisation de la règle 6 (instruction)


État 39

   17 classe: T_CLASS T_NAME T_EXTENDS . T_NAME T_IS data method T_END T_NAME

    T_NAME  décalage et aller à l'état 61


État 40

   16 classe: T_CLASS T_NAME T_IS . data method T_END T_NAME

    T_DATA  décalage et aller à l'état 62

    $défaut  réduction par utilisation de la règle 19 (data)

    data  aller à l'état 63


État 41

    3 bloc: instruction T_SEMICOLON bloc .

    $défaut  réduction par utilisation de la règle 3 (bloc)


État 42

    5 instruction: call T_ASSIGNMENT expression .
   36 expression: expression . T_PLUS expression
   37           | expression . T_MINUS expression
   38           | expression . T_TIMES expression
   39           | expression . T_DIVIDE expression
   40           | expression . T_SUP expression
   41           | expression . T_SUPEG expression
   42           | expression . T_INF expression
   43           | expression . T_INFEG expression
   45           | expression . T_POWER T_INTEGER

    T_PLUS    décalage et aller à l'état 49
    T_MINUS   décalage et aller à l'état 50
    T_TIMES   décalage et aller à l'état 51
    T_DIVIDE  décalage et aller à l'état 52
    T_POWER   décalage et aller à l'état 53
    T_INF     décalage et aller à l'état 54
    T_SUP     décalage et aller à l'état 55
    T_INFEG   décalage et aller à l'état 56
    T_SUPEG   décalage et aller à l'état 57

    $défaut  réduction par utilisation de la règle 5 (instruction)


État 43

   52 callExp: T_NAME T_PLEFT . paramUtil T_PRIGHT

    T_NAME     décalage et aller à l'état 18
    T_INTEGER  décalage et aller à l'état 19
    T_FLOAT    décalage et aller à l'état 20
    T_BOOLEAN  décalage et aller à l'état 21
    T_MINUS    décalage et aller à l'état 22
    T_SQRT     décalage et aller à l'état 23
    T_PLEFT    décalage et aller à l'état 24

    paramUtil   aller à l'état 64
    expression  aller à l'état 27
    callExp     aller à l'état 28


État 44

   54 callExp: T_NAME T_POINT . callExp

    T_NAME  décalage et aller à l'état 18

    callExp  aller à l'état 65


État 45

   36 expression: expression . T_PLUS expression
   37           | expression . T_MINUS expression
   38           | expression . T_TIMES expression
   39           | expression . T_DIVIDE expression
   40           | expression . T_SUP expression
   41           | expression . T_SUPEG expression
   42           | expression . T_INF expression
   43           | expression . T_INFEG expression
   45           | expression . T_POWER T_INTEGER
   47           | T_MINUS expression .

    T_POWER  décalage et aller à l'état 53
    T_INF    décalage et aller à l'état 54
    T_SUP    décalage et aller à l'état 55
    T_INFEG  décalage et aller à l'état 56
    T_SUPEG  décalage et aller à l'état 57

    T_INF     [réduction par utilisation de la règle 47 (expression)]
    T_SUP     [réduction par utilisation de la règle 47 (expression)]
    T_INFEG   [réduction par utilisation de la règle 47 (expression)]
    T_SUPEG   [réduction par utilisation de la règle 47 (expression)]
    $défaut  réduction par utilisation de la règle 47 (expression)


État 46

   44 expression: T_SQRT T_PLEFT . expression T_PRIGHT

    T_NAME     décalage et aller à l'état 18
    T_INTEGER  décalage et aller à l'état 19
    T_FLOAT    décalage et aller à l'état 20
    T_BOOLEAN  décalage et aller à l'état 21
    T_MINUS    décalage et aller à l'état 22
    T_SQRT     décalage et aller à l'état 23
    T_PLEFT    décalage et aller à l'état 24

    expression  aller à l'état 66
    callExp     aller à l'état 28


État 47

   36 expression: expression . T_PLUS expression
   37           | expression . T_MINUS expression
   38           | expression . T_TIMES expression
   39           | expression . T_DIVIDE expression
   40           | expression . T_SUP expression
   41           | expression . T_SUPEG expression
   42           | expression . T_INF expression
   43           | expression . T_INFEG expression
   45           | expression . T_POWER T_INTEGER
   46           | T_PLEFT expression . T_PRIGHT

    T_PLUS    décalage et aller à l'état 49
    T_MINUS   décalage et aller à l'état 50
    T_TIMES   décalage et aller à l'état 51
    T_DIVIDE  décalage et aller à l'état 52
    T_POWER   décalage et aller à l'état 53
    T_INF     décalage et aller à l'état 54
    T_SUP     décalage et aller à l'état 55
    T_INFEG   décalage et aller à l'état 56
    T_SUPEG   décalage et aller à l'état 57
    T_PRIGHT  décalage et aller à l'état 67


État 48

   10 call: T_NAME T_PLEFT paramUtil T_PRIGHT .

    $défaut  réduction par utilisation de la règle 10 (call)


État 49

   36 expression: expression T_PLUS . expression

    T_NAME     décalage et aller à l'état 18
    T_INTEGER  décalage et aller à l'état 19
    T_FLOAT    décalage et aller à l'état 20
    T_BOOLEAN  décalage et aller à l'état 21
    T_MINUS    décalage et aller à l'état 22
    T_SQRT     décalage et aller à l'état 23
    T_PLEFT    décalage et aller à l'état 24

    expression  aller à l'état 68
    callExp     aller à l'état 28


État 50

   37 expression: expression T_MINUS . expression

    T_NAME     décalage et aller à l'état 18
    T_INTEGER  décalage et aller à l'état 19
    T_FLOAT    décalage et aller à l'état 20
    T_BOOLEAN  décalage et aller à l'état 21
    T_MINUS    décalage et aller à l'état 22
    T_SQRT     décalage et aller à l'état 23
    T_PLEFT    décalage et aller à l'état 24

    expression  aller à l'état 69
    callExp     aller à l'état 28


État 51

   38 expression: expression T_TIMES . expression

    T_NAME     décalage et aller à l'état 18
    T_INTEGER  décalage et aller à l'état 19
    T_FLOAT    décalage et aller à l'état 20
    T_BOOLEAN  décalage et aller à l'état 21
    T_MINUS    décalage et aller à l'état 22
    T_SQRT     décalage et aller à l'état 23
    T_PLEFT    décalage et aller à l'état 24

    expression  aller à l'état 70
    callExp     aller à l'état 28


État 52

   39 expression: expression T_DIVIDE . expression

    T_NAME     décalage et aller à l'état 18
    T_INTEGER  décalage et aller à l'état 19
    T_FLOAT    décalage et aller à l'état 20
    T_BOOLEAN  décalage et aller à l'état 21
    T_MINUS    décalage et aller à l'état 22
    T_SQRT     décalage et aller à l'état 23
    T_PLEFT    décalage et aller à l'état 24

    expression  aller à l'état 71
    callExp     aller à l'état 28


État 53

   45 expression: expression T_POWER . T_INTEGER

    T_INTEGER  décalage et aller à l'état 72


État 54

   42 expression: expression T_INF . expression

    T_NAME     décalage et aller à l'état 18
    T_INTEGER  décalage et aller à l'état 19
    T_FLOAT    décalage et aller à l'état 20
    T_BOOLEAN  décalage et aller à l'état 21
    T_MINUS    décalage et aller à l'état 22
    T_SQRT     décalage et aller à l'état 23
    T_PLEFT    décalage et aller à l'état 24

    expression  aller à l'état 73
    callExp     aller à l'état 28


État 55

   40 expression: expression T_SUP . expression

    T_NAME     décalage et aller à l'état 18
    T_INTEGER  décalage et aller à l'état 19
    T_FLOAT    décalage et aller à l'état 20
    T_BOOLEAN  décalage et aller à l'état 21
    T_MINUS    décalage et aller à l'état 22
    T_SQRT     décalage et aller à l'état 23
    T_PLEFT    décalage et aller à l'état 24

    expression  aller à l'état 74
    callExp     aller à l'état 28


État 56

   43 expression: expression T_INFEG . expression

    T_NAME     décalage et aller à l'état 18
    T_INTEGER  décalage et aller à l'état 19
    T_FLOAT    décalage et aller à l'état 20
    T_BOOLEAN  décalage et aller à l'état 21
    T_MINUS    décalage et aller à l'état 22
    T_SQRT     décalage et aller à l'état 23
    T_PLEFT    décalage et aller à l'état 24

    expression  aller à l'état 75
    callExp     aller à l'état 28


État 57

   41 expression: expression T_SUPEG . expression

    T_NAME     décalage et aller à l'état 18
    T_INTEGER  décalage et aller à l'état 19
    T_FLOAT    décalage et aller à l'état 20
    T_BOOLEAN  décalage et aller à l'état 21
    T_MINUS    décalage et aller à l'état 22
    T_SQRT     décalage et aller à l'état 23
    T_PLEFT    décalage et aller à l'état 24

    expression  aller à l'état 76
    callExp     aller à l'état 28


État 58

   14 paramUtil: expression T_COMMA . paramUtil

    T_NAME     décalage et aller à l'état 18
    T_INTEGER  décalage et aller à l'état 19
    T_FLOAT    décalage et aller à l'état 20
    T_BOOLEAN  décalage et aller à l'état 21
    T_MINUS    décalage et aller à l'état 22
    T_SQRT     décalage et aller à l'état 23
    T_PLEFT    décalage et aller à l'état 24

    paramUtil   aller à l'état 77
    expression  aller à l'état 27
    callExp     aller à l'état 28


État 59

   35 assignment: T_NAME T_PRIGHT T_ASSIGNMENT . T_PLEFT expression

    T_PLEFT  décalage et aller à l'état 78


État 60

   34 assignment: T_NAME T_COMMA assignment . T_COMMA expression

    T_COMMA  décalage et aller à l'état 79


État 61

   17 classe: T_CLASS T_NAME T_EXTENDS T_NAME . T_IS data method T_END T_NAME

    T_IS  décalage et aller à l'état 80


État 62

   18 data: T_DATA . declaration

    T_NAME  décalage et aller à l'état 81

    $défaut  réduction par utilisation de la règle 21 (declaration)

    declaration  aller à l'état 82


État 63

   16 classe: T_CLASS T_NAME T_IS data . method T_END T_NAME

    T_METHOD  décalage et aller à l'état 83

    $défaut  réduction par utilisation de la règle 23 (method)

    method  aller à l'état 84


État 64

   52 callExp: T_NAME T_PLEFT paramUtil . T_PRIGHT

    T_PRIGHT  décalage et aller à l'état 85


État 65

   54 callExp: T_NAME T_POINT callExp .

    $défaut  réduction par utilisation de la règle 54 (callExp)


État 66

   36 expression: expression . T_PLUS expression
   37           | expression . T_MINUS expression
   38           | expression . T_TIMES expression
   39           | expression . T_DIVIDE expression
   40           | expression . T_SUP expression
   41           | expression . T_SUPEG expression
   42           | expression . T_INF expression
   43           | expression . T_INFEG expression
   44           | T_SQRT T_PLEFT expression . T_PRIGHT
   45           | expression . T_POWER T_INTEGER

    T_PLUS    décalage et aller à l'état 49
    T_MINUS   décalage et aller à l'état 50
    T_TIMES   décalage et aller à l'état 51
    T_DIVIDE  décalage et aller à l'état 52
    T_POWER   décalage et aller à l'état 53
    T_INF     décalage et aller à l'état 54
    T_SUP     décalage et aller à l'état 55
    T_INFEG   décalage et aller à l'état 56
    T_SUPEG   décalage et aller à l'état 57
    T_PRIGHT  décalage et aller à l'état 86


État 67

   46 expression: T_PLEFT expression T_PRIGHT .

    $défaut  réduction par utilisation de la règle 46 (expression)


État 68

   36 expression: expression . T_PLUS expression
   36           | expression T_PLUS expression .
   37           | expression . T_MINUS expression
   38           | expression . T_TIMES expression
   39           | expression . T_DIVIDE expression
   40           | expression . T_SUP expression
   41           | expression . T_SUPEG expression
   42           | expression . T_INF expression
   43           | expression . T_INFEG expression
   45           | expression . T_POWER T_INTEGER

    T_TIMES   décalage et aller à l'état 51
    T_DIVIDE  décalage et aller à l'état 52
    T_POWER   décalage et aller à l'état 53
    T_INF     décalage et aller à l'état 54
    T_SUP     décalage et aller à l'état 55
    T_INFEG   décalage et aller à l'état 56
    T_SUPEG   décalage et aller à l'état 57

    T_INF     [réduction par utilisation de la règle 36 (expression)]
    T_SUP     [réduction par utilisation de la règle 36 (expression)]
    T_INFEG   [réduction par utilisation de la règle 36 (expression)]
    T_SUPEG   [réduction par utilisation de la règle 36 (expression)]
    $défaut  réduction par utilisation de la règle 36 (expression)


État 69

   36 expression: expression . T_PLUS expression
   37           | expression . T_MINUS expression
   37           | expression T_MINUS expression .
   38           | expression . T_TIMES expression
   39           | expression . T_DIVIDE expression
   40           | expression . T_SUP expression
   41           | expression . T_SUPEG expression
   42           | expression . T_INF expression
   43           | expression . T_INFEG expression
   45           | expression . T_POWER T_INTEGER

    T_TIMES   décalage et aller à l'état 51
    T_DIVIDE  décalage et aller à l'état 52
    T_POWER   décalage et aller à l'état 53
    T_INF     décalage et aller à l'état 54
    T_SUP     décalage et aller à l'état 55
    T_INFEG   décalage et aller à l'état 56
    T_SUPEG   décalage et aller à l'état 57

    T_INF     [réduction par utilisation de la règle 37 (expression)]
    T_SUP     [réduction par utilisation de la règle 37 (expression)]
    T_INFEG   [réduction par utilisation de la règle 37 (expression)]
    T_SUPEG   [réduction par utilisation de la règle 37 (expression)]
    $défaut  réduction par utilisation de la règle 37 (expression)


État 70

   36 expression: expression . T_PLUS expression
   37           | expression . T_MINUS expression
   38           | expression . T_TIMES expression
   38           | expression T_TIMES expression .
   39           | expression . T_DIVIDE expression
   40           | expression . T_SUP expression
   41           | expression . T_SUPEG expression
   42           | expression . T_INF expression
   43           | expression . T_INFEG expression
   45           | expression . T_POWER T_INTEGER

    T_POWER  décalage et aller à l'état 53
    T_INF    décalage et aller à l'état 54
    T_SUP    décalage et aller à l'état 55
    T_INFEG  décalage et aller à l'état 56
    T_SUPEG  décalage et aller à l'état 57

    T_INF     [réduction par utilisation de la règle 38 (expression)]
    T_SUP     [réduction par utilisation de la règle 38 (expression)]
    T_INFEG   [réduction par utilisation de la règle 38 (expression)]
    T_SUPEG   [réduction par utilisation de la règle 38 (expression)]
    $défaut  réduction par utilisation de la règle 38 (expression)


État 71

   36 expression: expression . T_PLUS expression
   37           | expression . T_MINUS expression
   38           | expression . T_TIMES expression
   39           | expression . T_DIVIDE expression
   39           | expression T_DIVIDE expression .
   40           | expression . T_SUP expression
   41           | expression . T_SUPEG expression
   42           | expression . T_INF expression
   43           | expression . T_INFEG expression
   45           | expression . T_POWER T_INTEGER

    T_POWER  décalage et aller à l'état 53
    T_INF    décalage et aller à l'état 54
    T_SUP    décalage et aller à l'état 55
    T_INFEG  décalage et aller à l'état 56
    T_SUPEG  décalage et aller à l'état 57

    T_INF     [réduction par utilisation de la règle 39 (expression)]
    T_SUP     [réduction par utilisation de la règle 39 (expression)]
    T_INFEG   [réduction par utilisation de la règle 39 (expression)]
    T_SUPEG   [réduction par utilisation de la règle 39 (expression)]
    $défaut  réduction par utilisation de la règle 39 (expression)


État 72

   45 expression: expression T_POWER T_INTEGER .

    $défaut  réduction par utilisation de la règle 45 (expression)


État 73

   36 expression: expression . T_PLUS expression
   37           | expression . T_MINUS expression
   38           | expression . T_TIMES expression
   39           | expression . T_DIVIDE expression
   40           | expression . T_SUP expression
   41           | expression . T_SUPEG expression
   42           | expression . T_INF expression
   42           | expression T_INF expression .
   43           | expression . T_INFEG expression
   45           | expression . T_POWER T_INTEGER

    T_PLUS    décalage et aller à l'état 49
    T_MINUS   décalage et aller à l'état 50
    T_TIMES   décalage et aller à l'état 51
    T_DIVIDE  décalage et aller à l'état 52
    T_POWER   décalage et aller à l'état 53
    T_INF     décalage et aller à l'état 54
    T_SUP     décalage et aller à l'état 55
    T_INFEG   décalage et aller à l'état 56
    T_SUPEG   décalage et aller à l'état 57

    T_PLUS    [réduction par utilisation de la règle 42 (expression)]
    T_MINUS   [réduction par utilisation de la règle 42 (expression)]
    T_TIMES   [réduction par utilisation de la règle 42 (expression)]
    T_DIVIDE  [réduction par utilisation de la règle 42 (expression)]
    T_POWER   [réduction par utilisation de la règle 42 (expression)]
    T_INF     [réduction par utilisation de la règle 42 (expression)]
    T_SUP     [réduction par utilisation de la règle 42 (expression)]
    T_INFEG   [réduction par utilisation de la règle 42 (expression)]
    T_SUPEG   [réduction par utilisation de la règle 42 (expression)]
    $défaut  réduction par utilisation de la règle 42 (expression)


État 74

   36 expression: expression . T_PLUS expression
   37           | expression . T_MINUS expression
   38           | expression . T_TIMES expression
   39           | expression . T_DIVIDE expression
   40           | expression . T_SUP expression
   40           | expression T_SUP expression .
   41           | expression . T_SUPEG expression
   42           | expression . T_INF expression
   43           | expression . T_INFEG expression
   45           | expression . T_POWER T_INTEGER

    T_PLUS    décalage et aller à l'état 49
    T_MINUS   décalage et aller à l'état 50
    T_TIMES   décalage et aller à l'état 51
    T_DIVIDE  décalage et aller à l'état 52
    T_POWER   décalage et aller à l'état 53
    T_INF     décalage et aller à l'état 54
    T_SUP     décalage et aller à l'état 55
    T_INFEG   décalage et aller à l'état 56
    T_SUPEG   décalage et aller à l'état 57

    T_PLUS    [réduction par utilisation de la règle 40 (expression)]
    T_MINUS   [réduction par utilisation de la règle 40 (expression)]
    T_TIMES   [réduction par utilisation de la règle 40 (expression)]
    T_DIVIDE  [réduction par utilisation de la règle 40 (expression)]
    T_POWER   [réduction par utilisation de la règle 40 (expression)]
    T_INF     [réduction par utilisation de la règle 40 (expression)]
    T_SUP     [réduction par utilisation de la règle 40 (expression)]
    T_INFEG   [réduction par utilisation de la règle 40 (expression)]
    T_SUPEG   [réduction par utilisation de la règle 40 (expression)]
    $défaut  réduction par utilisation de la règle 40 (expression)


État 75

   36 expression: expression . T_PLUS expression
   37           | expression . T_MINUS expression
   38           | expression . T_TIMES expression
   39           | expression . T_DIVIDE expression
   40           | expression . T_SUP expression
   41           | expression . T_SUPEG expression
   42           | expression . T_INF expression
   43           | expression . T_INFEG expression
   43           | expression T_INFEG expression .
   45           | expression . T_POWER T_INTEGER

    T_PLUS    décalage et aller à l'état 49
    T_MINUS   décalage et aller à l'état 50
    T_TIMES   décalage et aller à l'état 51
    T_DIVIDE  décalage et aller à l'état 52
    T_POWER   décalage et aller à l'état 53
    T_INF     décalage et aller à l'état 54
    T_SUP     décalage et aller à l'état 55
    T_INFEG   décalage et aller à l'état 56
    T_SUPEG   décalage et aller à l'état 57

    T_PLUS    [réduction par utilisation de la règle 43 (expression)]
    T_MINUS   [réduction par utilisation de la règle 43 (expression)]
    T_TIMES   [réduction par utilisation de la règle 43 (expression)]
    T_DIVIDE  [réduction par utilisation de la règle 43 (expression)]
    T_POWER   [réduction par utilisation de la règle 43 (expression)]
    T_INF     [réduction par utilisation de la règle 43 (expression)]
    T_SUP     [réduction par utilisation de la règle 43 (expression)]
    T_INFEG   [réduction par utilisation de la règle 43 (expression)]
    T_SUPEG   [réduction par utilisation de la règle 43 (expression)]
    $défaut  réduction par utilisation de la règle 43 (expression)


État 76

   36 expression: expression . T_PLUS expression
   37           | expression . T_MINUS expression
   38           | expression . T_TIMES expression
   39           | expression . T_DIVIDE expression
   40           | expression . T_SUP expression
   41           | expression . T_SUPEG expression
   41           | expression T_SUPEG expression .
   42           | expression . T_INF expression
   43           | expression . T_INFEG expression
   45           | expression . T_POWER T_INTEGER

    T_PLUS    décalage et aller à l'état 49
    T_MINUS   décalage et aller à l'état 50
    T_TIMES   décalage et aller à l'état 51
    T_DIVIDE  décalage et aller à l'état 52
    T_POWER   décalage et aller à l'état 53
    T_INF     décalage et aller à l'état 54
    T_SUP     décalage et aller à l'état 55
    T_INFEG   décalage et aller à l'état 56
    T_SUPEG   décalage et aller à l'état 57

    T_PLUS    [réduction par utilisation de la règle 41 (expression)]
    T_MINUS   [réduction par utilisation de la règle 41 (expression)]
    T_TIMES   [réduction par utilisation de la règle 41 (expression)]
    T_DIVIDE  [réduction par utilisation de la règle 41 (expression)]
    T_POWER   [réduction par utilisation de la règle 41 (expression)]
    T_INF     [réduction par utilisation de la règle 41 (expression)]
    T_SUP     [réduction par utilisation de la règle 41 (expression)]
    T_INFEG   [réduction par utilisation de la règle 41 (expression)]
    T_SUPEG   [réduction par utilisation de la règle 41 (expression)]
    $défaut  réduction par utilisation de la règle 41 (expression)


État 77

   14 paramUtil: expression T_COMMA paramUtil .

    $défaut  réduction par utilisation de la règle 14 (paramUtil)


État 78

   35 assignment: T_NAME T_PRIGHT T_ASSIGNMENT T_PLEFT . expression

    T_NAME     décalage et aller à l'état 18
    T_INTEGER  décalage et aller à l'état 19
    T_FLOAT    décalage et aller à l'état 20
    T_BOOLEAN  décalage et aller à l'état 21
    T_MINUS    décalage et aller à l'état 22
    T_SQRT     décalage et aller à l'état 23
    T_PLEFT    décalage et aller à l'état 24

    expression  aller à l'état 87
    callExp     aller à l'état 28


État 79

   34 assignment: T_NAME T_COMMA assignment T_COMMA . expression

    T_NAME     décalage et aller à l'état 18
    T_INTEGER  décalage et aller à l'état 19
    T_FLOAT    décalage et aller à l'état 20
    T_BOOLEAN  décalage et aller à l'état 21
    T_MINUS    décalage et aller à l'état 22
    T_SQRT     décalage et aller à l'état 23
    T_PLEFT    décalage et aller à l'état 24

    expression  aller à l'état 88
    callExp     aller à l'état 28


État 80

   17 classe: T_CLASS T_NAME T_EXTENDS T_NAME T_IS . data method T_END T_NAME

    T_DATA  décalage et aller à l'état 62

    $défaut  réduction par utilisation de la règle 19 (data)

    data  aller à l'état 89


État 81

   20 declaration: T_NAME . T_IS type T_SEMICOLON declaration

    T_IS  décalage et aller à l'état 90


État 82

   18 data: T_DATA declaration .

    $défaut  réduction par utilisation de la règle 18 (data)


État 83

   22 method: T_METHOD . fonction

    T_NAME  décalage et aller à l'état 91

    $défaut  réduction par utilisation de la règle 26 (fonction)

    fonction  aller à l'état 92


État 84

   16 classe: T_CLASS T_NAME T_IS data method . T_END T_NAME

    T_END  décalage et aller à l'état 93


État 85

   52 callExp: T_NAME T_PLEFT paramUtil T_PRIGHT .

    $défaut  réduction par utilisation de la règle 52 (callExp)


État 86

   44 expression: T_SQRT T_PLEFT expression T_PRIGHT .

    $défaut  réduction par utilisation de la règle 44 (expression)


État 87

   35 assignment: T_NAME T_PRIGHT T_ASSIGNMENT T_PLEFT expression .
   36 expression: expression . T_PLUS expression
   37           | expression . T_MINUS expression
   38           | expression . T_TIMES expression
   39           | expression . T_DIVIDE expression
   40           | expression . T_SUP expression
   41           | expression . T_SUPEG expression
   42           | expression . T_INF expression
   43           | expression . T_INFEG expression
   45           | expression . T_POWER T_INTEGER

    T_PLUS    décalage et aller à l'état 49
    T_MINUS   décalage et aller à l'état 50
    T_TIMES   décalage et aller à l'état 51
    T_DIVIDE  décalage et aller à l'état 52
    T_POWER   décalage et aller à l'état 53
    T_INF     décalage et aller à l'état 54
    T_SUP     décalage et aller à l'état 55
    T_INFEG   décalage et aller à l'état 56
    T_SUPEG   décalage et aller à l'état 57

    $défaut  réduction par utilisation de la règle 35 (assignment)


État 88

   34 assignment: T_NAME T_COMMA assignment T_COMMA expression .
   36 expression: expression . T_PLUS expression
   37           | expression . T_MINUS expression
   38           | expression . T_TIMES expression
   39           | expression . T_DIVIDE expression
   40           | expression . T_SUP expression
   41           | expression . T_SUPEG expression
   42           | expression . T_INF expression
   43           | expression . T_INFEG expression
   45           | expression . T_POWER T_INTEGER

    T_PLUS    décalage et aller à l'état 49
    T_MINUS   décalage et aller à l'état 50
    T_TIMES   décalage et aller à l'état 51
    T_DIVIDE  décalage et aller à l'état 52
    T_POWER   décalage et aller à l'état 53
    T_INF     décalage et aller à l'état 54
    T_SUP     décalage et aller à l'état 55
    T_INFEG   décalage et aller à l'état 56
    T_SUPEG   décalage et aller à l'état 57

    $défaut  réduction par utilisation de la règle 34 (assignment)


État 89

   17 classe: T_CLASS T_NAME T_EXTENDS T_NAME T_IS data . method T_END T_NAME

    T_METHOD  décalage et aller à l'état 83

    $défaut  réduction par utilisation de la règle 23 (method)

    method  aller à l'état 94


État 90

   20 declaration: T_NAME T_IS . type T_SEMICOLON declaration

    T_NAME         décalage et aller à l'état 31
    T_TYPEFLOAT    décalage et aller à l'état 32
    T_TYPEBOOLEAN  décalage et aller à l'état 33
    T_TYPEINTEGER  décalage et aller à l'état 34

    type  aller à l'état 95


État 91

   24 fonction: T_NAME . T_PLEFT parametre T_PRIGHT T_IS instruction T_SEMICOLON fonction
   25         | T_NAME . T_PLEFT parametre T_PRIGHT T_IS T_RETURN expression T_SEMICOLON fonction

    T_PLEFT  décalage et aller à l'état 96


État 92

   22 method: T_METHOD fonction .

    $défaut  réduction par utilisation de la règle 22 (method)


État 93

   16 classe: T_CLASS T_NAME T_IS data method T_END . T_NAME

    T_NAME  décalage et aller à l'état 97


État 94

   17 classe: T_CLASS T_NAME T_EXTENDS T_NAME T_IS data method . T_END T_NAME

    T_END  décalage et aller à l'état 98


État 95

   20 declaration: T_NAME T_IS type . T_SEMICOLON declaration

    T_SEMICOLON  décalage et aller à l'état 99


État 96

   24 fonction: T_NAME T_PLEFT . parametre T_PRIGHT T_IS instruction T_SEMICOLON fonction
   25         | T_NAME T_PLEFT . parametre T_PRIGHT T_IS T_RETURN expression T_SEMICOLON fonction

    T_NAME  décalage et aller à l'état 100

    $défaut  réduction par utilisation de la règle 29 (parametre)

    parametre  aller à l'état 101


État 97

   16 classe: T_CLASS T_NAME T_IS data method T_END T_NAME .

    $défaut  réduction par utilisation de la règle 16 (classe)


État 98

   17 classe: T_CLASS T_NAME T_EXTENDS T_NAME T_IS data method T_END . T_NAME

    T_NAME  décalage et aller à l'état 102


État 99

   20 declaration: T_NAME T_IS type T_SEMICOLON . declaration

    T_NAME  décalage et aller à l'état 81

    $défaut  réduction par utilisation de la règle 21 (declaration)

    declaration  aller à l'état 103


État 100

   27 parametre: T_NAME . T_COLON type T_COMMA parametre
   28          | T_NAME . T_COLON type

    T_COLON  décalage et aller à l'état 104


État 101

   24 fonction: T_NAME T_PLEFT parametre . T_PRIGHT T_IS instruction T_SEMICOLON fonction
   25         | T_NAME T_PLEFT parametre . T_PRIGHT T_IS T_RETURN expression T_SEMICOLON fonction

    T_PRIGHT  décalage et aller à l'état 105


État 102

   17 classe: T_CLASS T_NAME T_EXTENDS T_NAME T_IS data method T_END T_NAME .

    $défaut  réduction par utilisation de la règle 17 (classe)


État 103

   20 declaration: T_NAME T_IS type T_SEMICOLON declaration .

    $défaut  réduction par utilisation de la règle 20 (declaration)


État 104

   27 parametre: T_NAME T_COLON . type T_COMMA parametre
   28          | T_NAME T_COLON . type

    T_NAME         décalage et aller à l'état 31
    T_TYPEFLOAT    décalage et aller à l'état 32
    T_TYPEBOOLEAN  décalage et aller à l'état 33
    T_TYPEINTEGER  décalage et aller à l'état 34

    type  aller à l'état 106


État 105

   24 fonction: T_NAME T_PLEFT parametre T_PRIGHT . T_IS instruction T_SEMICOLON fonction
   25         | T_NAME T_PLEFT parametre T_PRIGHT . T_IS T_RETURN expression T_SEMICOLON fonction

    T_IS  décalage et aller à l'état 107


État 106

   27 parametre: T_NAME T_COLON type . T_COMMA parametre
   28          | T_NAME T_COLON type .

    T_COMMA  décalage et aller à l'état 108

    $défaut  réduction par utilisation de la règle 28 (parametre)


État 107

   24 fonction: T_NAME T_PLEFT parametre T_PRIGHT T_IS . instruction T_SEMICOLON fonction
   25         | T_NAME T_PLEFT parametre T_PRIGHT T_IS . T_RETURN expression T_SEMICOLON fonction

    T_NAME    décalage et aller à l'état 1
    T_PLEFT   décalage et aller à l'état 2
    T_CLASS   décalage et aller à l'état 3
    T_RETURN  décalage et aller à l'état 109

    instruction  aller à l'état 110
    call         aller à l'état 7
    classe       aller à l'état 8


État 108

   27 parametre: T_NAME T_COLON type T_COMMA . parametre

    T_NAME  décalage et aller à l'état 100

    $défaut  réduction par utilisation de la règle 29 (parametre)

    parametre  aller à l'état 111


État 109

   25 fonction: T_NAME T_PLEFT parametre T_PRIGHT T_IS T_RETURN . expression T_SEMICOLON fonction

    T_NAME     décalage et aller à l'état 18
    T_INTEGER  décalage et aller à l'état 19
    T_FLOAT    décalage et aller à l'état 20
    T_BOOLEAN  décalage et aller à l'état 21
    T_MINUS    décalage et aller à l'état 22
    T_SQRT     décalage et aller à l'état 23
    T_PLEFT    décalage et aller à l'état 24

    expression  aller à l'état 112
    callExp     aller à l'état 28


État 110

   24 fonction: T_NAME T_PLEFT parametre T_PRIGHT T_IS instruction . T_SEMICOLON fonction

    T_SEMICOLON  décalage et aller à l'état 113


État 111

   27 parametre: T_NAME T_COLON type T_COMMA parametre .

    $défaut  réduction par utilisation de la règle 27 (parametre)


État 112

   25 fonction: T_NAME T_PLEFT parametre T_PRIGHT T_IS T_RETURN expression . T_SEMICOLON fonction
   36 expression: expression . T_PLUS expression
   37           | expression . T_MINUS expression
   38           | expression . T_TIMES expression
   39           | expression . T_DIVIDE expression
   40           | expression . T_SUP expression
   41           | expression . T_SUPEG expression
   42           | expression . T_INF expression
   43           | expression . T_INFEG expression
   45           | expression . T_POWER T_INTEGER

    T_PLUS       décalage et aller à l'état 49
    T_MINUS      décalage et aller à l'état 50
    T_TIMES      décalage et aller à l'état 51
    T_DIVIDE     décalage et aller à l'état 52
    T_POWER      décalage et aller à l'état 53
    T_INF        décalage et aller à l'état 54
    T_SUP        décalage et aller à l'état 55
    T_INFEG      décalage et aller à l'état 56
    T_SUPEG      décalage et aller à l'état 57
    T_SEMICOLON  décalage et aller à l'état 114


État 113

   24 fonction: T_NAME T_PLEFT parametre T_PRIGHT T_IS instruction T_SEMICOLON . fonction

    T_NAME  décalage et aller à l'état 91

    $défaut  réduction par utilisation de la règle 26 (fonction)

    fonction  aller à l'état 115


État 114

   25 fonction: T_NAME T_PLEFT parametre T_PRIGHT T_IS T_RETURN expression T_SEMICOLON . fonction

    T_NAME  décalage et aller à l'état 91

    $défaut  réduction par utilisation de la règle 26 (fonction)

    fonction  aller à l'état 116


État 115

   24 fonction: T_NAME T_PLEFT parametre T_PRIGHT T_IS instruction T_SEMICOLON fonction .

    $défaut  réduction par utilisation de la règle 24 (fonction)


État 116

   25 fonction: T_NAME T_PLEFT parametre T_PRIGHT T_IS T_RETURN expression T_SEMICOLON fonction .

    $défaut  réduction par utilisation de la règle 25 (fonction)
